<?xml version="1.0" encoding="utf-8"?><testsuites name="pytest tests"><testsuite name="pytest" errors="0" failures="0" skipped="0" tests="28" time="63.533" timestamp="2026-06-12T19:26:00.751417+00:00" hostname="agent-env-1667db57-d755-4e5b-8043-e59f6f961afa"><testcase classname="backend.tests.test_phase3_plans_super_admin.TestWorkspaceUsage" name="test_usage_requires_auth" time="0.220" /><testcase classname="backend.tests.test_phase3_plans_super_admin.TestWorkspaceUsage" name="test_usage_for_super_admin_innovagraf" time="0.327" /><testcase classname="backend.tests.test_phase3_plans_super_admin.TestWorkspaceUsage" name="test_usage_for_starter_workspace" time="0.318" /><testcase classname="backend.tests.test_phase3_plans_super_admin.TestSuperAdminEndpoints" name="test_overview" time="0.049" /><testcase classname="backend.tests.test_phase3_plans_super_admin.TestSuperAdminEndpoints" name="test_list_workspaces_with_stats" time="0.049" /><testcase classname="backend.tests.test_phase3_plans_super_admin.TestSuperAdminEndpoints" name="test_plans_endpoint" time="0.043" /><testcase classname="backend.tests.test_phase3_plans_super_admin.TestSuperAdminEndpoints" name="test_patch_invalid_plan_400" time="0.044" /><testcase classname="backend.tests.test_phase3_plans_super_admin.TestSuperAdminEndpoints" name="test_patch_invalid_status_400" time="0.044" /><testcase classname="backend.tests.test_phase3_plans_super_admin.TestSuperAdminEndpoints" name="test_cannot_delete_own_workspace" time="0.096" /><testcase classname="backend.tests.test_phase3_plans_super_admin.TestSuperAdminEndpoints" name="test_delete_workspace_cascade" time="0.408" /><testcase classname="backend.tests.test_phase3_plans_super_admin.TestRoleEnforcement" name="test_comercial_blocked_super_admin_overview" time="0.315" /><testcase classname="backend.tests.test_phase3_plans_super_admin.TestRoleEnforcement" name="test_comercial_blocked_super_admin_workspaces" time="0.041" /><testcase classname="backend.tests.test_phase3_plans_super_admin.TestRoleEnforcement" name="test_comercial_blocked_super_admin_plans" time="0.044" /><testcase classname="backend.tests.test_phase3_plans_super_admin.TestRoleEnforcement" name="test_starter_admin_blocked_super_admin" time="0.046" /><testcase classname="backend.tests.test_phase3_plans_super_admin.TestRoleEnforcement" name="test_comercial_blocked_admin_users_post" time="0.046" /><testcase classname="backend.tests.test_phase3_plans_super_admin.TestRoleEnforcement" name="test_comercial_blocked_services_post" time="0.045" /><testcase classname="backend.tests.test_phase3_plans_super_admin.TestStarterPlanEnforcement" name="test_starter_ai_proposal_blocked_402" time="0.091" /><testcase classname="backend.tests.test_phase3_plans_super_admin.TestStarterPlanEnforcement" name="test_starter_pdf_blocked_402" time="0.045" /><testcase classname="backend.tests.test_phase3_plans_super_admin.TestStarterPlanEnforcement" name="test_starter_user_limit_402_after_2" time="0.314" /><testcase classname="backend.tests.test_phase3_plans_super_admin.TestSuspendedWorkspace" name="test_suspend_then_post_blocked_get_works" time="7.713" /><testcase classname="backend.tests.test_phase3_plans_super_admin.TestPlanUpgradeReflects" name="test_starter_to_pro_unlocks_features" time="0.464" /><testcase classname="backend.tests.test_phase3_plans_super_admin.TestProPlanFeatures" name="test_pro_ai_proposal_works" time="19.062" /><testcase classname="backend.tests.test_phase3_plans_super_admin.TestProPlanFeatures" name="test_pro_pdf_works" time="0.060" /><testcase classname="backend.tests.test_phase3_plans_super_admin.TestEnterpriseUnlimited" name="test_innovagraf_usage_unlimited" time="0.051" /><testcase classname="backend.tests.test_phase3_plans_super_admin.TestDiagnosticPlanRespect" name="test_existing_email_update_does_not_count" time="22.497" /><testcase classname="backend.tests.test_phase3_plans_super_admin.TestMigrations" name="test_innovagraf_admin_is_super_admin" time="0.267" /><testcase classname="backend.tests.test_phase3_plans_super_admin.TestStarterLeadLimit" name="test_starter_50_leads_then_402" time="10.572" /><testcase classname="backend.tests.test_phase3_plans_super_admin.TestMigrations2" name="test_all_workspaces_have_active_status" time="0.054" /></testsuite></testsuites>