<?xml version="1.0" encoding="utf-8"?><testsuites name="pytest tests"><testsuite name="pytest" errors="0" failures="0" skipped="0" tests="36" time="39.416" timestamp="2026-06-12T18:55:09.067419+00:00" hostname="agent-env-1667db57-d755-4e5b-8043-e59f6f961afa"><testcase classname="backend.tests.test_innovagraf_backend.TestHealth" name="test_root" time="0.327" /><testcase classname="backend.tests.test_innovagraf_backend.TestAuth" name="test_login_admin" time="0.296" /><testcase classname="backend.tests.test_innovagraf_backend.TestAuth" name="test_login_sales" time="0.284" /><testcase classname="backend.tests.test_innovagraf_backend.TestAuth" name="test_login_invalid" time="0.281" /><testcase classname="backend.tests.test_innovagraf_backend.TestAuth" name="test_me" time="0.341" /><testcase classname="backend.tests.test_innovagraf_backend.TestAuth" name="test_me_unauth" time="0.048" /><testcase classname="backend.tests.test_innovagraf_backend.TestDiagnostic" name="test_questions_public" time="0.133" /><testcase classname="backend.tests.test_innovagraf_backend.TestDiagnostic" name="test_submit_public_creates_lead_and_diagnostic" time="11.920" /><testcase classname="backend.tests.test_innovagraf_backend.TestDiagnostic" name="test_get_diagnostic_public" time="0.170" /><testcase classname="backend.tests.test_innovagraf_backend.TestDiagnostic" name="test_get_diagnostic_404" time="0.149" /><testcase classname="backend.tests.test_innovagraf_backend.TestLeads" name="test_list_leads_requires_auth" time="0.052" /><testcase classname="backend.tests.test_innovagraf_backend.TestLeads" name="test_list_leads_contains_diagnostic_lead" time="0.056" /><testcase classname="backend.tests.test_innovagraf_backend.TestLeads" name="test_kanban_all_statuses" time="0.059" /><testcase classname="backend.tests.test_innovagraf_backend.TestLeads" name="test_create_manual_lead" time="0.343" /><testcase classname="backend.tests.test_innovagraf_backend.TestLeads" name="test_patch_lead_status_change_adds_activity" time="0.062" /><testcase classname="backend.tests.test_innovagraf_backend.TestLeads" name="test_add_note" time="0.114" /><testcase classname="backend.tests.test_innovagraf_backend.TestMeetings" name="test_create_meeting_and_status_change" time="0.117" /><testcase classname="backend.tests.test_innovagraf_backend.TestMeetings" name="test_list_meetings" time="0.055" /><testcase classname="backend.tests.test_innovagraf_backend.TestProposals" name="test_generate_proposal" time="22.977" /><testcase classname="backend.tests.test_innovagraf_backend.TestProposals" name="test_patch_proposal_recomputes_and_marks_sent" time="0.106" /><testcase classname="backend.tests.test_innovagraf_backend.TestProposals" name="test_get_proposal_pdf" time="0.064" /><testcase classname="backend.tests.test_innovagraf_backend.TestDashboard" name="test_overview" time="0.085" /><testcase classname="backend.tests.test_innovagraf_backend.TestAdminUsers" name="test_list_users_admin" time="0.067" /><testcase classname="backend.tests.test_innovagraf_backend.TestAdminUsers" name="test_list_users_forbidden_for_sales" time="0.054" /><testcase classname="backend.tests.test_innovagraf_backend.TestAdminUsers" name="test_create_update_delete_user" time="0.382" /><testcase classname="backend.tests.test_innovagraf_backend.TestAdminUsers" name="test_create_user_forbidden_for_sales" time="0.052" /><testcase classname="backend.tests.test_innovagraf_backend.TestServices" name="test_list_services" time="0.060" /><testcase classname="backend.tests.test_innovagraf_backend.TestServices" name="test_create_service_admin" time="0.112" /><testcase classname="backend.tests.test_innovagraf_backend.TestServices" name="test_create_service_forbidden_for_sales" time="0.054" /><testcase classname="backend.tests.test_innovagraf_backend.TestAuthEnforcement" name="test_requires_auth[get-/leads]" time="0.051" /><testcase classname="backend.tests.test_innovagraf_backend.TestAuthEnforcement" name="test_requires_auth[get-/leads/kanban]" time="0.051" /><testcase classname="backend.tests.test_innovagraf_backend.TestAuthEnforcement" name="test_requires_auth[get-/meetings]" time="0.048" /><testcase classname="backend.tests.test_innovagraf_backend.TestAuthEnforcement" name="test_requires_auth[get-/proposals]" time="0.048" /><testcase classname="backend.tests.test_innovagraf_backend.TestAuthEnforcement" name="test_requires_auth[get-/dashboard/overview]" time="0.049" /><testcase classname="backend.tests.test_innovagraf_backend.TestAuthEnforcement" name="test_requires_auth[get-/admin/users]" time="0.090" /><testcase classname="backend.tests.test_innovagraf_backend.TestAuthEnforcement" name="test_requires_auth[get-/services]" time="0.055" /></testsuite></testsuites>