<?xml version="1.0" encoding="utf-8"?><testsuites name="pytest tests"><testsuite name="pytest" errors="0" failures="0" skipped="0" tests="91" time="134.926" timestamp="2026-06-12T19:27:08.604579+00:00" hostname="agent-env-1667db57-d755-4e5b-8043-e59f6f961afa"><testcase classname="backend.tests.test_innovagraf_backend.TestHealth" name="test_root" time="0.219" /><testcase classname="backend.tests.test_innovagraf_backend.TestAuth" name="test_login_admin" time="0.282" /><testcase classname="backend.tests.test_innovagraf_backend.TestAuth" name="test_login_sales" time="0.288" /><testcase classname="backend.tests.test_innovagraf_backend.TestAuth" name="test_login_invalid" time="0.275" /><testcase classname="backend.tests.test_innovagraf_backend.TestAuth" name="test_me" time="0.341" /><testcase classname="backend.tests.test_innovagraf_backend.TestAuth" name="test_me_unauth" time="0.056" /><testcase classname="backend.tests.test_innovagraf_backend.TestDiagnostic" name="test_questions_public" time="0.115" /><testcase classname="backend.tests.test_innovagraf_backend.TestDiagnostic" name="test_submit_public_creates_lead_and_diagnostic" time="11.337" /><testcase classname="backend.tests.test_innovagraf_backend.TestDiagnostic" name="test_get_diagnostic_public" time="0.138" /><testcase classname="backend.tests.test_innovagraf_backend.TestDiagnostic" name="test_get_diagnostic_404" time="0.125" /><testcase classname="backend.tests.test_innovagraf_backend.TestLeads" name="test_list_leads_requires_auth" time="0.052" /><testcase classname="backend.tests.test_innovagraf_backend.TestLeads" name="test_list_leads_contains_diagnostic_lead" time="0.055" /><testcase classname="backend.tests.test_innovagraf_backend.TestLeads" name="test_kanban_all_statuses" time="0.056" /><testcase classname="backend.tests.test_innovagraf_backend.TestLeads" name="test_create_manual_lead" time="0.337" /><testcase classname="backend.tests.test_innovagraf_backend.TestLeads" name="test_patch_lead_status_change_adds_activity" time="0.074" /><testcase classname="backend.tests.test_innovagraf_backend.TestLeads" name="test_add_note" time="0.113" /><testcase classname="backend.tests.test_innovagraf_backend.TestMeetings" name="test_create_meeting_and_status_change" time="0.111" /><testcase classname="backend.tests.test_innovagraf_backend.TestMeetings" name="test_list_meetings" time="0.050" /><testcase classname="backend.tests.test_innovagraf_backend.TestProposals" name="test_generate_proposal" time="23.274" /><testcase classname="backend.tests.test_innovagraf_backend.TestProposals" name="test_patch_proposal_recomputes_and_marks_sent" time="0.115" /><testcase classname="backend.tests.test_innovagraf_backend.TestProposals" name="test_get_proposal_pdf" time="0.064" /><testcase classname="backend.tests.test_innovagraf_backend.TestDashboard" name="test_overview" time="0.059" /><testcase classname="backend.tests.test_innovagraf_backend.TestAdminUsers" name="test_list_users_admin" time="0.059" /><testcase classname="backend.tests.test_innovagraf_backend.TestAdminUsers" name="test_list_users_forbidden_for_sales" time="0.054" /><testcase classname="backend.tests.test_innovagraf_backend.TestAdminUsers" name="test_create_update_delete_user" time="0.395" /><testcase classname="backend.tests.test_innovagraf_backend.TestAdminUsers" name="test_create_user_forbidden_for_sales" time="0.054" /><testcase classname="backend.tests.test_innovagraf_backend.TestServices" name="test_list_services" time="0.053" /><testcase classname="backend.tests.test_innovagraf_backend.TestServices" name="test_create_service_admin" time="0.106" /><testcase classname="backend.tests.test_innovagraf_backend.TestServices" name="test_create_service_forbidden_for_sales" time="0.058" /><testcase classname="backend.tests.test_innovagraf_backend.TestAuthEnforcement" name="test_requires_auth[get-/leads]" time="0.054" /><testcase classname="backend.tests.test_innovagraf_backend.TestAuthEnforcement" name="test_requires_auth[get-/leads/kanban]" time="0.048" /><testcase classname="backend.tests.test_innovagraf_backend.TestAuthEnforcement" name="test_requires_auth[get-/meetings]" time="0.051" /><testcase classname="backend.tests.test_innovagraf_backend.TestAuthEnforcement" name="test_requires_auth[get-/proposals]" time="0.052" /><testcase classname="backend.tests.test_innovagraf_backend.TestAuthEnforcement" name="test_requires_auth[get-/dashboard/overview]" time="0.068" /><testcase classname="backend.tests.test_innovagraf_backend.TestAuthEnforcement" name="test_requires_auth[get-/admin/users]" time="0.052" /><testcase classname="backend.tests.test_innovagraf_backend.TestAuthEnforcement" name="test_requires_auth[get-/services]" time="0.053" /><testcase classname="backend.tests.test_multitenant.TestSignup" name="test_signup_creates_workspace_and_admin" time="0.428" /><testcase classname="backend.tests.test_multitenant.TestSignup" name="test_signup_seeds_services_for_new_workspace" time="0.050" /><testcase classname="backend.tests.test_multitenant.TestSignup" name="test_signup_duplicate_slug_400" time="0.046" /><testcase classname="backend.tests.test_multitenant.TestSignup" name="test_signup_duplicate_email_400" time="0.049" /><testcase classname="backend.tests.test_multitenant.TestSignup" name="test_signup_invalid_slug_uppercase_422" time="0.050" /><testcase classname="backend.tests.test_multitenant.TestSignup" name="test_signup_invalid_slug_spaces_422" time="0.049" /><testcase classname="backend.tests.test_multitenant.TestWorkspaceMe" name="test_me_includes_workspace" time="0.320" /><testcase classname="backend.tests.test_multitenant.TestWorkspaceMe" name="test_workspaces_me_innovagraf" time="0.053" /><testcase classname="backend.tests.test_multitenant.TestWorkspaceMe" name="test_workspaces_me_acme" time="0.048" /><testcase classname="backend.tests.test_multitenant.TestDiagnosticWorkspace" name="test_submit_default_innovagraf" time="11.400" /><testcase classname="backend.tests.test_multitenant.TestDiagnosticWorkspace" name="test_submit_acme_workspace" time="11.195" /><testcase classname="backend.tests.test_multitenant.TestDiagnosticWorkspace" name="test_submit_nonexistent_workspace_404" time="0.152" /><testcase classname="backend.tests.test_multitenant.TestIsolation" name="test_acme_leads_does_not_include_innovagraf" time="0.049" /><testcase classname="backend.tests.test_multitenant.TestIsolation" name="test_innovagraf_leads_does_not_include_acme" time="0.051" /><testcase classname="backend.tests.test_multitenant.TestIsolation" name="test_acme_cannot_fetch_innovagraf_lead" time="0.154" /><testcase classname="backend.tests.test_multitenant.TestIsolation" name="test_acme_services_isolated" time="0.096" /><testcase classname="backend.tests.test_multitenant.TestIsolation" name="test_acme_cannot_modify_innovagraf_service" time="0.142" /><testcase classname="backend.tests.test_multitenant.TestAdminUsersWorkspace" name="test_acme_admin_creates_user" time="0.272" /><testcase classname="backend.tests.test_multitenant.TestAdminUsersWorkspace" name="test_new_acme_user_can_login_and_only_sees_acme" time="0.369" /><testcase classname="backend.tests.test_multitenant.TestAdminUsersWorkspace" name="test_admin_users_list_scoped" time="0.048" /><testcase classname="backend.tests.test_multitenant.TestAdminUsersWorkspace" name="test_cannot_create_super_admin" time="0.054" /><testcase classname="backend.tests.test_multitenant.TestAdminUsersWorkspace" name="test_cannot_escalate_via_update" time="0.049" /><testcase classname="backend.tests.test_multitenant.TestAdminUsersWorkspace" name="test_cleanup_acme_user" time="0.046" /><testcase classname="backend.tests.test_multitenant.TestServicesWorkspace" name="test_create_service_in_acme" time="0.429" /><testcase classname="backend.tests.test_multitenant.TestDashboardScope" name="test_dashboard_scoped" time="0.098" /><testcase classname="backend.tests.test_multitenant.TestMigration" name="test_innovagraf_admin_has_workspace" time="0.045" /><testcase classname="backend.tests.test_multitenant.TestMigration" name="test_innovagraf_services_present" time="0.053" /><testcase classname="backend.tests.test_phase3_plans_super_admin.TestWorkspaceUsage" name="test_usage_requires_auth" time="0.120" /><testcase classname="backend.tests.test_phase3_plans_super_admin.TestWorkspaceUsage" name="test_usage_for_super_admin_innovagraf" time="0.343" /><testcase classname="backend.tests.test_phase3_plans_super_admin.TestWorkspaceUsage" name="test_usage_for_starter_workspace" time="0.323" /><testcase classname="backend.tests.test_phase3_plans_super_admin.TestSuperAdminEndpoints" name="test_overview" time="0.051" /><testcase classname="backend.tests.test_phase3_plans_super_admin.TestSuperAdminEndpoints" name="test_list_workspaces_with_stats" time="0.058" /><testcase classname="backend.tests.test_phase3_plans_super_admin.TestSuperAdminEndpoints" name="test_plans_endpoint" time="0.055" /><testcase classname="backend.tests.test_phase3_plans_super_admin.TestSuperAdminEndpoints" name="test_patch_invalid_plan_400" time="0.049" /><testcase classname="backend.tests.test_phase3_plans_super_admin.TestSuperAdminEndpoints" name="test_patch_invalid_status_400" time="0.050" /><testcase classname="backend.tests.test_phase3_plans_super_admin.TestSuperAdminEndpoints" name="test_cannot_delete_own_workspace" time="0.099" /><testcase classname="backend.tests.test_phase3_plans_super_admin.TestSuperAdminEndpoints" name="test_delete_workspace_cascade" time="0.453" /><testcase classname="backend.tests.test_phase3_plans_super_admin.TestRoleEnforcement" name="test_comercial_blocked_super_admin_overview" time="0.326" /><testcase classname="backend.tests.test_phase3_plans_super_admin.TestRoleEnforcement" name="test_comercial_blocked_super_admin_workspaces" time="0.048" /><testcase classname="backend.tests.test_phase3_plans_super_admin.TestRoleEnforcement" name="test_comercial_blocked_super_admin_plans" time="0.052" /><testcase classname="backend.tests.test_phase3_plans_super_admin.TestRoleEnforcement" name="test_starter_admin_blocked_super_admin" time="0.049" /><testcase classname="backend.tests.test_phase3_plans_super_admin.TestRoleEnforcement" name="test_comercial_blocked_admin_users_post" time="0.057" /><testcase classname="backend.tests.test_phase3_plans_super_admin.TestRoleEnforcement" name="test_comercial_blocked_services_post" time="0.045" /><testcase classname="backend.tests.test_phase3_plans_super_admin.TestStarterPlanEnforcement" name="test_starter_ai_proposal_blocked_402" time="0.110" /><testcase classname="backend.tests.test_phase3_plans_super_admin.TestStarterPlanEnforcement" name="test_starter_pdf_blocked_402" time="0.057" /><testcase classname="backend.tests.test_phase3_plans_super_admin.TestStarterPlanEnforcement" name="test_starter_user_limit_402_after_2" time="0.338" /><testcase classname="backend.tests.test_phase3_plans_super_admin.TestSuspendedWorkspace" name="test_suspend_then_post_blocked_get_works" time="8.005" /><testcase classname="backend.tests.test_phase3_plans_super_admin.TestPlanUpgradeReflects" name="test_starter_to_pro_unlocks_features" time="0.512" /><testcase classname="backend.tests.test_phase3_plans_super_admin.TestProPlanFeatures" name="test_pro_ai_proposal_works" time="20.385" /><testcase classname="backend.tests.test_phase3_plans_super_admin.TestProPlanFeatures" name="test_pro_pdf_works" time="0.067" /><testcase classname="backend.tests.test_phase3_plans_super_admin.TestEnterpriseUnlimited" name="test_innovagraf_usage_unlimited" time="0.144" /><testcase classname="backend.tests.test_phase3_plans_super_admin.TestDiagnosticPlanRespect" name="test_existing_email_update_does_not_count" time="22.144" /><testcase classname="backend.tests.test_phase3_plans_super_admin.TestMigrations" name="test_innovagraf_admin_is_super_admin" time="0.273" /><testcase classname="backend.tests.test_phase3_plans_super_admin.TestStarterLeadLimit" name="test_starter_50_leads_then_402" time="16.041" /><testcase classname="backend.tests.test_phase3_plans_super_admin.TestMigrations2" name="test_all_workspaces_have_active_status" time="0.063" /></testsuite></testsuites>